Tue Mar  5 12:00:26 2024 [12512][1][SECURITY] OutboundEmail::checkSavePermissions - not logged in - skipping check
Tue Mar  5 12:00:27 2024 [12512][1][FATAL] User update error: Temp User is not retrieved at ID 1, boolean given
Tue Mar  5 12:00:27 2024 [12512][1][FATAL] Email address save error
Tue Mar  5 12:00:55 2024 [12512][1][FATAL] User update error: Temp User is not retrieved at ID seed_jim_id, boolean given
Tue Mar  5 12:00:55 2024 [12512][1][FATAL] Email address save error
Tue Mar  5 12:00:55 2024 [12512][1][FATAL] User update error: Temp User is not retrieved at ID seed_sarah_id, boolean given
Tue Mar  5 12:00:56 2024 [12512][1][FATAL] Email address save error
Tue Mar  5 12:00:56 2024 [12512][1][FATAL] User update error: Temp User is not retrieved at ID seed_sally_id, boolean given
Tue Mar  5 12:00:56 2024 [12512][1][FATAL] Email address save error
Tue Mar  5 12:00:56 2024 [12512][1][FATAL] User update error: Temp User is not retrieved at ID seed_max_id, boolean given
Tue Mar  5 12:00:56 2024 [12512][1][FATAL] Email address save error
Tue Mar  5 12:00:57 2024 [12512][1][FATAL] User update error: Temp User is not retrieved at ID seed_will_id, boolean given
Tue Mar  5 12:00:57 2024 [12512][1][FATAL] Email address save error
Tue Mar  5 12:00:57 2024 [12512][1][FATAL] User update error: Temp User is not retrieved at ID seed_chris_id, boolean given
Tue Mar  5 12:00:57 2024 [12512][1][FATAL] Email address save error
Tue Mar  5 12:03:09 2024 [12512][1][SECURITY] Invalid ext  logger_file_ext : ''.
Tue Mar  5 12:03:09 2024 [12512][1][SECURITY] Setting logger_file_ext to '.log'.
Tue Mar  5 12:03:09 2024 [12512][1][SECURITY] Setting logger_file_name to ''.
Tue Mar  5 12:03:09 2024 [12512][1][SECURITY] Log file extension can't be blank.
Tue Mar  5 12:03:09 2024 [12512][1][SECURITY] Setting logger_file_name to ''.
Tue Mar  5 12:03:09 2024 [12512][1][SECURITY] Log file extension can't be blank.
Tue Mar  5 12:14:25 2024 [12512][1][FATAL] Email address save error
Tue Mar  5 12:14:35 2024 [12512][1][FATAL] Email address save error
Tue Mar  5 12:14:35 2024 [12512][1][FATAL] Email address save error
Tue Mar  5 12:14:36 2024 [12512][1][FATAL] Email address save error
Tue Mar  5 12:15:11 2024 [12512][1][FATAL] Email address save error
Tue Mar  5 12:15:13 2024 [12512][1][FATAL] Email address save error
Tue Mar  5 12:16:16 2024 [12512][1][FATAL] Email address save error
Tue Mar  5 12:16:51 2024 [12512][1][FATAL] Email address save error
Tue Mar  5 12:17:31 2024 [12512][1][FATAL] Email address save error
Tue Mar  5 12:18:28 2024 [12512][1][FATAL] Email address save error
Tue Mar  5 12:18:57 2024 [12512][1][FATAL] Email address save error
