2024-03-05 14:52:59 0 [Note] Starting MariaDB 10.4.32-MariaDB source revision c4143f909528e3fab0677a28631d10389354c491 as process 10468
2024-03-05 14:52:59 0 [Note] InnoDB: Mutexes and rw_locks use Windows interlocked functions
2024-03-05 14:52:59 0 [Note] InnoDB: Uses event mutexes
2024-03-05 14:52:59 0 [Note] InnoDB: Compressed tables use zlib 1.3
2024-03-05 14:52:59 0 [Note] InnoDB: Number of pools: 1
2024-03-05 14:52:59 0 [Note] InnoDB: Using SSE2 crc32 instructions
2024-03-05 14:52:59 0 [Note] InnoDB: Initializing buffer pool, total size = 16M, instances = 1, chunk size = 16M
2024-03-05 14:52:59 0 [Note] InnoDB: Completed initialization of buffer pool
2024-03-05 14:52:59 0 [Note] InnoDB: Starting crash recovery from checkpoint LSN=300288
2024-03-05 14:52:59 0 [Note] InnoDB: 128 out of 128 rollback segments are active.
2024-03-05 14:52:59 0 [Note] InnoDB: Removed temporary tablespace data file: "ibtmp1"
2024-03-05 14:52:59 0 [Note] InnoDB: Creating shared tablespace for temporary tables
2024-03-05 14:52:59 0 [Note] InnoDB: Setting file 'C:\xampp\mysql\data\ibtmp1' size to 12 MB. Physically writing the file full; Please wait ...
2024-03-05 14:52:59 0 [Note] InnoDB: File 'C:\xampp\mysql\data\ibtmp1' size is now 12 MB.
2024-03-05 14:52:59 0 [Note] InnoDB: Waiting for purge to start
2024-03-05 14:52:59 0 [Note] InnoDB: 10.4.32 started; log sequence number 300297; transaction id 170
2024-03-05 14:52:59 0 [Note] InnoDB: Loading buffer pool(s) from C:\xampp\mysql\data\ib_buffer_pool
2024-03-05 14:52:59 0 [Note] Plugin 'FEEDBACK' is disabled.
2024-03-05 14:52:59 0 [Note] Server socket created on IP: '::'.
2024-03-02024-03-05 14:57:14 0 [Note] Starting MariaDB 10.4.32-MariaDB source revision c4143f909528e3fab0677a28631d10389354c491 as process 11392
2024-03-05 14:57:14 0 [Note] mysqld.exe: Aria engine: starting recovery
recovered pages: 0% 100% (0.0 seconds); tables to flush: 1 0
 (0.0 seconds); 
2024-03-05 14:57:14 0 [Note] mysqld.exe: Aria engine: recovery done
2024-03-05 14:57:14 0 [Note] InnoDB: Mutexes and rw_locks use Windows interlocked functions
2024-03-05 14:57:14 0 [Note] InnoDB: Uses event mutexes
2024-03-05 14:57:14 0 [Note] InnoDB: Compressed tables use zlib 1.3
2024-03-05 14:57:14 0 [Note] InnoDB: Number of pools: 1
2024-03-05 14:57:14 0 [Note] InnoDB: Using SSE2 crc32 instructions
2024-03-05 14:57:14 0 [Note] InnoDB: Initializing buffer pool, total size = 16M, instances = 1, chunk size = 16M
2024-03-05 14:57:14 0 [Note] InnoDB: Completed initialization of buffer pool
2024-03-05 14:57:14 0 [Note] InnoDB: Starting crash recovery from checkpoint LSN=304066
2024-03-05 14:57:14 0 [Note] InnoDB: 128 out of 128 rollback segments are active.
2024-03-05 14:57:14 0 [Note] InnoDB: Removed temporary tablespace data file: "ibtmp1"
2024-03-05 14:57:14 0 [Note] InnoDB: Creating shared tablespace for temporary tables
2024-03-05 14:57:14 0 [Note] InnoDB: Setting file 'C:\xampp\mysql\data\ibtmp1' size to 12 MB. Physically writing the file full; Please wait ...
2024-03-05 14:57:14 0 [Note] InnoDB: File 'C:\xampp\mysql\data\ibtmp1' size is now 12 MB.
2024-03-05 14:57:14 0 [Note] InnoDB: Waiting for purge to start
2024-03-05 14:57:14 0 [Note] InnoDB: 10.4.32 started; log sequence number 304075; transaction id 195
2024-03-05 14:57:14 0 [Note] InnoDB: Loading buffer pool(s) from C:\xampp\mysql\data\ib_buffer_pool
2024-03-05 14:57:14 0 [Note] Plugin 'FEEDBACK' is disabled.
2024-03-05 14:57:14 0 [Note] Server socket created on IP: '::'.
2024-03-06 18:09:54 0 [Note] Starting MariaDB 10.4.32-MariaDB source revision c4143f909528e3fab0677a28631d10389354c491 as process 11224
2024-03-06 18:09:54 0 [Note] InnoDB: Mutexes and rw_locks use Windows interlocked functions
2024-03-06 18:09:54 0 [Note] InnoDB: Uses event mutexes
2024-03-06 18:09:54 0 [Note] InnoDB: Compressed tables use zlib 1.3
2024-03-06 18:09:54 0 [Note] InnoDB: Number of pools: 1
2024-03-06 18:09:54 0 [Note] InnoDB: Using SSE2 crc32 instructions
2024-03-06 18:09:54 0 [Note] InnoDB: Initializing buffer pool, total size = 16M, instances = 1, chunk size = 16M
2024-03-06 18:09:54 0 [Note] InnoDB: Completed initialization of buffer pool
2024-03-06 18:09:54 0 [Note] InnoDB: Starting crash recovery from checkpoint LSN=46038105
2024-03-06 18:09:56 0 [Note] InnoDB: 128 out of 128 rollback segments are active.
2024-03-06 18:09:56 0 [Note] InnoDB: Removed temporary tablespace data file: "ibtmp1"
2024-03-06 18:09:56 0 [Note] InnoDB: Creating shared tablespace for temporary tables
2024-03-06 18:09:56 0 [Note] InnoDB: Setting file 'C:\xampp\mysql\data\ibtmp1' size to 12 MB. Physically writing the file full; Please wait ...
2024-03-06 18:09:56 0 [Note] InnoDB: File 'C:\xampp\mysql\data\ibtmp1' size is now 12 MB.
2024-03-06 18:09:56 0 [Note] InnoDB: Waiting for purge to start
2024-03-06 18:09:56 0 [Note] InnoDB: 10.4.32 started; log sequence number 46038114; transaction id 72403
2024-03-06 18:09:56 0 [Note] InnoDB: Loading buffer pool(s) from C:\xampp\mysql\data\ib_buffer_pool
2024-03-06 18:09:56 0 [Note] Plugin 'FEEDBACK' is disabled.
2024-03-06 18:09:56 0 [Note] InnoDB: Buffer pool(s) load completed at 240306 18:09:56
2024-03-06 18:09:56 0 [Note] Server socket created on IP: '::'.
2024-03-07 17:52:37 0 [Note] Starting MariaDB 10.4.32-MariaDB source revision c4143f909528e3fab0677a28631d10389354c491 as process 7000
2024-03-07 17:52:37 0 [Note] InnoDB: Mutexes and rw_locks use Windows interlocked functions
2024-03-07 17:52:37 0 [Note] InnoDB: Uses event mutexes
2024-03-07 17:52:37 0 [Note] InnoDB: Compressed tables use zlib 1.3
2024-03-07 17:52:37 0 [Note] InnoDB: Number of pools: 1
2024-03-07 17:52:37 0 [Note] InnoDB: Using SSE2 crc32 instructions
2024-03-07 17:52:37 0 [Note] InnoDB: Initializing buffer pool, total size = 16M, instances = 1, chunk size = 16M
2024-03-07 17:52:37 0 [Note] InnoDB: Completed initialization of buffer pool
2024-03-07 17:52:37 0 [Note] InnoDB: Starting crash recovery from checkpoint LSN=51610766
2024-03-07 17:52:39 0 [Note] InnoDB: 128 out of 128 rollback segments are active.
2024-03-07 17:52:39 0 [Note] InnoDB: Removed temporary tablespace data file: "ibtmp1"
2024-03-07 17:52:39 0 [Note] InnoDB: Creating shared tablespace for temporary tables
2024-03-07 17:52:39 0 [Note] InnoDB: Setting file 'C:\xampp\mysql\data\ibtmp1' size to 12 MB. Physically writing the file full; Please wait ...
2024-03-07 17:52:39 0 [Note] InnoDB: File 'C:\xampp\mysql\data\ibtmp1' size is now 12 MB.
2024-03-07 17:52:39 0 [Note] InnoDB: Waiting for purge to start
2024-03-07 17:52:39 0 [Note] InnoDB: 10.4.32 started; log sequence number 51610775; transaction id 81121
2024-03-07 17:52:39 0 [Note] InnoDB: Loading buffer pool(s) from C:\xampp\mysql\data\ib_buffer_pool
2024-03-07 17:52:39 0 [Note] Plugin 'FEEDBACK' is disabled.
2024-03-07 17:52:39 0 [Note] InnoDB: Buffer pool(s) load completed at 240307 17:52:39
2024-03-07 17:52:39 0 [Note] Server socket created on IP: '::'.
2024-03-07 17:52:42 0 [Note] Starting MariaDB 10.4.32-MariaDB source revision c4143f909528e3fab0677a28631d10389354c491 as process 5240
2024-03-07 17:52:42 0 [Note] InnoDB: Mutexes and rw_locks use Windows interlocked functions
2024-03-07 17:52:42 0 [Note] InnoDB: Uses event mutexes
2024-03-07 17:52:42 0 [Note] InnoDB: Compressed tables use zlib 1.3
2024-03-07 17:52:42 0 [Note] InnoDB: Number of pools: 1
2024-03-07 17:52:42 0 [Note] InnoDB: Using SSE2 crc32 instructions
2024-03-07 17:52:42 0 [Note] InnoDB: Initializing buffer pool, total size = 16M, instances = 1, chunk size = 16M
2024-03-07 17:52:42 0 [Note] InnoDB: Completed initialization of buffer pool
2024-03-07 17:52:42 0 [Note] InnoDB: Starting crash recovery from checkpoint LSN=51610766
2024-03-07 17:52:42 0 [Note] InnoDB: 128 out of 128 rollback segments are active.
2024-03-07 17:52:42 0 [Note] InnoDB: Removed temporary tablespace data file: "ibtmp1"
2024-03-07 17:52:42 0 [Note] InnoDB: Creating shared tablespace for temporary tables
2024-03-07 17:52:42 0 [Note] InnoDB: Setting file 'C:\xampp\mysql\data\ibtmp1' size to 12 MB. Physically writing the file full; Please wait ...
2024-03-07 17:52:42 0 [Note] InnoDB: File 'C:\xampp\mysql\data\ibtmp1' size is now 12 MB.
2024-03-07 17:52:42 0 [Note] InnoDB: Waiting for purge to start
2024-03-07 17:52:42 0 [Note] InnoDB: 10.4.32 started; log sequence number 51610775; transaction id 81121
2024-03-07 17:52:42 0 [Note] InnoDB: Loading buffer pool(s) from C:\xampp\mysql\data\ib_buffer_pool
2024-03-07 17:52:42 0 [Note] Plugin 'FEEDBACK' is disabled.
2024-03-07 17:52:42 0 [Note] Server socket created on IP: '::'.
